/.hta (Status: 403)
/.hta.php (Status: 403)
/.hta.txt (Status: 403)
/.hta.sql (Status: 403)
/.htpasswd (Status: 403)
/.htpasswd.php (Status: 403)
/.htpasswd.txt (Status: 403)
/.htpasswd.sql (Status: 403)
/.htaccess (Status: 403)
/.htaccess.php (Status: 403)
/.htaccess.txt (Status: 403)
/.htaccess.sql (Status: 403)
/archives (Status: 403)
/css (Status: 403)
/images (Status: 403)
/index.html (Status: 200)
/js (Status: 403)
/secret.php (Status: 200)
/server-status (Status: 403)
/shell.php (Status: 200)
/uploads (Status: 403)
/users (Status: 200)
