/.htpasswd (Status: 403)
/.htpasswd.php (Status: 403)
/.htpasswd.html (Status: 403)
/.htaccess (Status: 403)
/.htaccess.php (Status: 403)
/.htaccess.html (Status: 403)
/.hta (Status: 403)
/.hta.php (Status: 403)
/.hta.html (Status: 403)
/cgi-bin/ (Status: 403)
/cgi-bin/.php (Status: 403)
/cgi-bin/.html (Status: 403)
/css (Status: 200)
/decrypt.php (Status: 200)
/dev (Status: 403)
/encrypt.php (Status: 200)
/index.php (Status: 200)
/index.php (Status: 200)
/logout.php (Status: 200)
/server-status (Status: 403)
/url.php (Status: 200)
