/.bash_history (Status: 403)
/.bash_history.php (Status: 403)
/.sh_history (Status: 403)
/.sh_history.php (Status: 403)
/.htaccess (Status: 403)
/.htaccess.php (Status: 403)
/.htpasswd (Status: 403)
/.htpasswd.php (Status: 403)
/.bashrc (Status: 403)
/.bashrc.php (Status: 403)
/.mysql_history (Status: 403)
/.mysql_history.php (Status: 403)
/.config (Status: 403)
/.hta (Status: 403)
/.hta.php (Status: 403)
/.profile (Status: 403)
/.profile.php (Status: 403)
/.git/HEAD (Status: 403)
/.git/HEAD.php (Status: 403)
/.svn/entries (Status: 403)
/.svn/entries.php (Status: 403)
/_vti_bin/shtml.dll (Status: 403)
/_vti_bin/_vti_adm/admin.dll (Status: 403)
/_vti_bin/_vti_aut/author.dll (Status: 403)
/akeeba.backend.log (Status: 403)
/awstats.conf (Status: 403)
/development.log (Status: 403)
/global.asa (Status: 403)
/global.asax (Status: 403)
/index.html (Status: 200)
/main.mdb (Status: 403)
/php.ini (Status: 403)
/production.log (Status: 403)
/readfile (Status: 403)
/readfile.php (Status: 403)
/server-status (Status: 403)
/spamlog.log (Status: 403)
/thumbs.db (Status: 403)
/Thumbs.db (Status: 403)
/web.config (Status: 403)
/web.config.php (Status: 403)
/wp-config.php (Status: 403)
/WS_FTP.LOG (Status: 403)
